<?xml version="1.0" encoding="UTF-8"?>
<!-- Generated by org.testng.reporters.JUnitXMLReporter -->
<testsuite ignored="0" hostname="DESKTOP-5PL5PQ2" failures="0" tests="4" name="Default test" time="14.663" errors="0" timestamp="2024-05-04T19:13:15 IST">
  <testcase classname="api.testcases.UserTest2" name="testCreateUser" time="4.346"/>
  <testcase classname="api.testcases.UserTest2" name="testGetUserData" time="2.288"/>
  <testcase classname="api.testcases.UserTest2" name="testUpdateUser" time="4.91"/>
  <testcase classname="api.testcases.UserTest2" name="testDeleteUser" time="2.142"/>
</testsuite> <!-- Default test -->
